<?xml version="1.0" encoding="UTF-8"?>
<!-- Generated by org.testng.reporters.JUnitReportReporter -->
<testsuite hostname="rasta" name="com.test1.tests.EmailReminderSubmitTest" tests="7" failures="0" timestamp="9 Feb 2017 14:22:21 GMT" time="61.481" errors="0">
  <testcase name="isEmailSubmissionSuccessful" time="7.274" classname="com.test1.tests.EmailReminderSubmitTest"/>
  <testcase name="isEmailSubmissionSuccessful" time="10.627" classname="com.test1.tests.EmailReminderSubmitTest"/>
  <testcase name="isEmailSubmissionSuccessful" time="9.859" classname="com.test1.tests.EmailReminderSubmitTest"/>
  <testcase name="isEmailSubmissionSuccessful" time="8.455" classname="com.test1.tests.EmailReminderSubmitTest"/>
  <testcase name="isEmailSubmissionSuccessful" time="7.668" classname="com.test1.tests.EmailReminderSubmitTest"/>
  <testcase name="isEmailSubmissionSuccessful" time="10.301" classname="com.test1.tests.EmailReminderSubmitTest"/>
  <testcase name="isEmailSubmissionSuccessful" time="7.297" classname="com.test1.tests.EmailReminderSubmitTest"/>
</testsuite> <!-- com.test1.tests.EmailReminderSubmitTest -->
